2026-04-13 11:09:54,901 - INFO - Программа запущена.
2026-04-13 11:09:54,901 - INFO - Синхронизируемая папка: '/home/evgeniy/PycharmProjects'.
2026-04-13 13:44:34,418 - INFO - Программа запущена.
2026-04-13 13:44:34,419 - INFO - Синхронизируемая папка: '/home/evgeniy/test_sync'.
2026-04-13 13:44:35,851 - INFO - Создана папка '/backup' в облачном хранилище.
2026-04-13 13:44:35,853 - INFO - Запуск синхронизации. Папка: '/home/evgeniy/test_sync'. Период: 60 сек.
2026-04-13 13:44:36,744 - INFO - Синхронизация завершена. Новых: 0, изменённых: 0, удалённых: 0.
2026-04-13 13:45:22,371 - INFO - Программа запущена.
2026-04-13 13:45:22,372 - INFO - Синхронизируемая папка: '/home/evgeniy/test_sync'.
2026-04-13 13:45:23,316 - INFO - Запуск синхронизации. Папка: '/home/evgeniy/test_sync'. Период: 60 сек.
2026-04-13 13:45:24,103 - INFO - Синхронизация завершена. Новых: 0, изменённых: 0, удалённых: 0.
2026-04-13 13:45:58,591 - INFO - Программа запущена.
2026-04-13 13:45:58,591 - INFO - Синхронизируемая папка: '/home/evgeniy/test_sync'.
2026-04-13 13:45:59,463 - INFO - Запуск синхронизации. Папка: '/home/evgeniy/test_sync'. Период: 60 сек.
2026-04-13 13:46:03,967 - INFO - Файл 'generated-image.png' загружен в хранилище.
2026-04-13 13:46:03,968 - INFO - Синхронизация завершена. Новых: 1, изменённых: 0, удалённых: 0.
2026-04-13 13:47:04,983 - INFO - Синхронизация завершена. Новых: 0, изменённых: 0, удалённых: 0.
2026-04-14 21:39:45,121 - INFO - Программа запущена.
2026-04-14 21:39:45,147 - INFO - Синхронизируемая папка: '/home/evgeniy/test_sync'.
2026-04-14 21:39:46,964 - INFO - Создана папка '/test_sync_service' в облачном хранилище.
2026-04-14 21:39:46,967 - INFO - Запуск синхронизации. Папка: '/home/evgeniy/test_sync'. Период: 60 сек.
2026-04-14 21:39:50,416 - INFO - Файл 'generated-image.png' загружен в хранилище.
2026-04-14 21:39:52,347 - INFO - Файл 'hello.txt' загружен в хранилище.
2026-04-14 21:39:52,350 - INFO - Синхронизация завершена. Новых: 2, изменённых: 0, удалённых: 0.
2026-04-14 21:40:53,293 - INFO - Синхронизация завершена. Новых: 0, изменённых: 0, удалённых: 0.
2026-04-14 21:42:09,125 - INFO - Программа запущена.
2026-04-14 21:42:09,125 - INFO - Синхронизируемая папка: '/home/evgeniy/test_sync'.
2026-04-14 21:42:10,012 - INFO - Запуск синхронизации. Папка: '/home/evgeniy/test_sync'. Период: 3 сек.
2026-04-14 21:42:12,441 - INFO - Файл 'hello.txt' удалён из хранилища.
2026-04-14 21:42:12,444 - INFO - Синхронизация завершена. Новых: 0, изменённых: 0, удалённых: 1.
2026-04-14 21:42:16,343 - INFO - Синхронизация завершена. Новых: 0, изменённых: 0, удалённых: 0.
2026-04-14 21:42:20,294 - INFO - Синхронизация завершена. Новых: 0, изменённых: 0, удалённых: 0.
2026-04-14 21:42:24,154 - INFO - Синхронизация завершена. Новых: 0, изменённых: 0, удалённых: 0.
2026-04-14 21:42:27,919 - INFO - Синхронизация завершена. Новых: 0, изменённых: 0, удалённых: 0.
2026-04-14 21:42:32,008 - INFO - Синхронизация завершена. Новых: 0, изменённых: 0, удалённых: 0.
2026-04-14 21:42:35,724 - INFO - Синхронизация завершена. Новых: 0, изменённых: 0, удалённых: 0.
2026-04-14 21:42:39,829 - INFO - Синхронизация завершена. Новых: 0, изменённых: 0, удалённых: 0.
2026-04-14 21:42:43,735 - INFO - Синхронизация завершена. Новых: 0, изменённых: 0, удалённых: 0.
2026-04-14 21:42:48,446 - INFO - Синхронизация завершена. Новых: 0, изменённых: 0, удалённых: 0.
2026-04-14 21:42:52,385 - INFO - Синхронизация завершена. Новых: 0, изменённых: 0, удалённых: 0.
2026-04-14 21:42:56,470 - INFO - Синхронизация завершена. Новых: 0, изменённых: 0, удалённых: 0.
2026-04-14 21:43:00,374 - INFO - Синхронизация завершена. Новых: 0, изменённых: 0, удалённых: 0.
2026-04-14 21:43:04,166 - INFO - Синхронизация завершена. Новых: 0, изменённых: 0, удалённых: 0.
2026-04-14 21:43:07,978 - INFO - Синхронизация завершена. Новых: 0, изменённых: 0, удалённых: 0.
2026-04-14 21:43:12,676 - INFO - Синхронизация завершена. Новых: 0, изменённых: 0, удалённых: 0.
2026-04-14 21:43:16,770 - INFO - Синхронизация завершена. Новых: 0, изменённых: 0, удалённых: 0.
2026-04-14 21:43:20,648 - INFO - Синхронизация завершена. Новых: 0, изменённых: 0, удалённых: 0.
2026-04-14 21:43:24,642 - INFO - Синхронизация завершена. Новых: 0, изменённых: 0, удалённых: 0.
2026-04-14 21:43:28,633 - INFO - Синхронизация завершена. Новых: 0, изменённых: 0, удалённых: 0.
2026-04-14 21:43:32,628 - INFO - Синхронизация завершена. Новых: 0, изменённых: 0, удалённых: 0.
2026-04-14 21:43:36,493 - INFO - Синхронизация завершена. Новых: 0, изменённых: 0, удалённых: 0.
2026-04-14 21:43:40,310 - INFO - Синхронизация завершена. Новых: 0, изменённых: 0, удалённых: 0.
2026-04-14 21:43:47,269 - INFO - Файл 'timeweb' загружен в хранилище.
2026-04-14 21:43:47,272 - INFO - Синхронизация завершена. Новых: 1, изменённых: 0, удалённых: 0.
2026-04-14 21:43:51,165 - INFO - Синхронизация завершена. Новых: 0, изменённых: 0, удалённых: 0.
2026-04-14 21:43:55,158 - INFO - Синхронизация завершена. Новых: 0, изменённых: 0, удалённых: 0.
2026-04-14 21:43:59,049 - INFO - Синхронизация завершена. Новых: 0, изменённых: 0, удалённых: 0.
2026-04-14 21:44:02,829 - INFO - Синхронизация завершена. Новых: 0, изменённых: 0, удалённых: 0.
2026-04-14 21:44:06,632 - INFO - Синхронизация завершена. Новых: 0, изменённых: 0, удалённых: 0.
2026-04-14 21:44:12,641 - INFO - Файл 'hotel-api.postman_collection_new.json' загружен в хранилище.
2026-04-14 21:44:12,644 - INFO - Синхронизация завершена. Новых: 1, изменённых: 0, удалённых: 0.
2026-04-14 21:44:16,466 - INFO - Синхронизация завершена. Новых: 0, изменённых: 0, удалённых: 0.
2026-04-14 21:44:20,348 - INFO - Синхронизация завершена. Новых: 0, изменённых: 0, удалённых: 0.
2026-04-14 21:44:24,342 - INFO - Синхронизация завершена. Новых: 0, изменённых: 0, удалённых: 0.
2026-04-14 21:44:29,215 - INFO - Файл 'hotel-api.postman_collection_new.json' удалён из хранилища.
2026-04-14 21:44:32,300 - INFO - Файл 'timeweb' удалён из хранилища.
2026-04-14 21:44:32,303 - INFO - Синхронизация завершена. Новых: 0, изменённых: 0, удалённых: 2.
2026-04-14 21:44:36,192 - INFO - Синхронизация завершена. Новых: 0, изменённых: 0, удалённых: 0.
2026-04-14 21:44:40,015 - INFO - Синхронизация завершена. Новых: 0, изменённых: 0, удалённых: 0.
2026-04-14 21:44:43,776 - INFO - Синхронизация завершена. Новых: 0, изменённых: 0, удалённых: 0.
2026-04-14 21:44:47,667 - INFO - Синхронизация завершена. Новых: 0, изменённых: 0, удалённых: 0.
